<!DOCTYPE html>

<html>
  <head>
  <meta charset='utf-8'>
  <title>TestNG reports</title>

    <link type="text/css" href="testng-reports.css" rel="stylesheet" />
    <script type="text/javascript" src="jquery-1.7.1.min.js"></script>
    <script type="text/javascript" src="testng-reports.js"></script>
    <script type="text/javascript" src="https://www.google.com/jsapi"></script>
    <script type='text/javascript'>
      google.load('visualization', '1', {packages:['table']});
      google.setOnLoadCallback(drawTable);
      var suiteTableInitFunctions = new Array();
      var suiteTableData = new Array();
    </script>
    <!--
      <script type="text/javascript" src="jquery-ui/js/jquery-ui-1.8.16.custom.min.js"></script>
     -->
  </head>

  <body>
    <div class="top-banner-root">
      <span class="top-banner-title-font">Test results</span>
      <br/>
      <span class="top-banner-font-1">1 suite, 1 failed test</span>
    </div> <!-- top-banner-root -->
    <div class="navigator-root">
      <div class="navigator-suite-header">
        <span>All suites</span>
        <a href="#" class="collapse-all-link" title="Collapse/expand all the suites">
          <img class="collapse-all-icon" src="collapseall.gif">
          </img> <!-- collapse-all-icon -->
        </a> <!-- collapse-all-link -->
      </div> <!-- navigator-suite-header -->
      <div class="suite">
        <div class="rounded-window">
          <div class="suite-header light-rounded-window-top">
            <a href="#" class="navigator-link" panel-name="suite-DTV_Test_Automation_Test_Suit">
              <span class="suite-name border-failed">DTV Test Automation Test Suit</span>
            </a> <!-- navigator-link -->
          </div> <!-- suite-header light-rounded-window-top -->
          <div class="navigator-suite-content">
            <div class="suite-section-title">
              <span>Info</span>
            </div> <!-- suite-section-title -->
            <div class="suite-section-content">
              <ul>
                <li>
                  <a href="#" class="navigator-link " panel-name="test-xml-DTV_Test_Automation_Test_Suit">
                    <span>C:\Users\sharmava\eclipse-workspace\hybridFramework\testng.xml</span>
                  </a> <!-- navigator-link  -->
                </li>
                <li>
                  <a href="#" class="navigator-link " panel-name="testlist-DTV_Test_Automation_Test_Suit">
                    <span class="test-stats">1 test</span>
                  </a> <!-- navigator-link  -->
                </li>
                <li>
                  <a href="#" class="navigator-link " panel-name="group-DTV_Test_Automation_Test_Suit">
                    <span>0 groups</span>
                  </a> <!-- navigator-link  -->
                </li>
                <li>
                  <a href="#" class="navigator-link " panel-name="times-DTV_Test_Automation_Test_Suit">
                    <span>Times</span>
                  </a> <!-- navigator-link  -->
                </li>
                <li>
                  <a href="#" class="navigator-link " panel-name="reporter-DTV_Test_Automation_Test_Suit">
                    <span>Reporter output</span>
                  </a> <!-- navigator-link  -->
                </li>
                <li>
                  <a href="#" class="navigator-link " panel-name="ignored-methods-DTV_Test_Automation_Test_Suit">
                    <span>Ignored methods</span>
                  </a> <!-- navigator-link  -->
                </li>
                <li>
                  <a href="#" class="navigator-link " panel-name="chronological-DTV_Test_Automation_Test_Suit">
                    <span>Chronological view</span>
                  </a> <!-- navigator-link  -->
                </li>
              </ul>
            </div> <!-- suite-section-content -->
            <div class="result-section">
              <div class="suite-section-title">
                <span>Results</span>
              </div> <!-- suite-section-title -->
              <div class="suite-section-content">
                <ul>
                  <li>
                    <span class="method-stats">13 methods, 1 failed,  2 skipped,  10 passed</span>
                  </li>
                  <li>
                    <span class="method-list-title failed">Failed methods</span>
                    <span class="show-or-hide-methods failed">
                      <a href="#" panel-name="suite-DTV_Test_Automation_Test_Suit" class="hide-methods failed suite-DTV_Test_Automation_Test_Suit"> (hide)</a> <!-- hide-methods failed suite-DTV_Test_Automation_Test_Suit -->
                      <a href="#" panel-name="suite-DTV_Test_Automation_Test_Suit" class="show-methods failed suite-DTV_Test_Automation_Test_Suit"> (show)</a> <!-- show-methods failed suite-DTV_Test_Automation_Test_Suit -->
                    </span>
                    <div class="method-list-content failed suite-DTV_Test_Automation_Test_Suit">
                      <span>
                        <img width="3%" src="failed.png"/>
                        <a href="#" class="method navigator-link" panel-name="suite-DTV_Test_Automation_Test_Suit" title="com.hybridFramework.testcases.LoginTest" hash-for-method="loginpageTitleTest">loginpageTitleTest</a> <!-- method navigator-link -->
                      </span>
                      <br/>
                    </div> <!-- method-list-content failed suite-DTV_Test_Automation_Test_Suit -->
                  </li>
                  <li>
                    <span class="method-list-title skipped">Skipped methods</span>
                    <span class="show-or-hide-methods skipped">
                      <a href="#" panel-name="suite-DTV_Test_Automation_Test_Suit" class="hide-methods skipped suite-DTV_Test_Automation_Test_Suit"> (hide)</a> <!-- hide-methods skipped suite-DTV_Test_Automation_Test_Suit -->
                      <a href="#" panel-name="suite-DTV_Test_Automation_Test_Suit" class="show-methods skipped suite-DTV_Test_Automation_Test_Suit"> (show)</a> <!-- show-methods skipped suite-DTV_Test_Automation_Test_Suit -->
                    </span>
                    <div class="method-list-content skipped suite-DTV_Test_Automation_Test_Suit">
                      <span>
                        <img width="3%" src="skipped.png"/>
                        <a href="#" class="method navigator-link" panel-name="suite-DTV_Test_Automation_Test_Suit" title="com.hybridFramework.testcases.TvShowTest" hash-for-method="showtvTest">showtvTest</a> <!-- method navigator-link -->
                      </span>
                      <br/>
                      <span>
                        <img width="3%" src="skipped.png"/>
                        <a href="#" class="method navigator-link" panel-name="suite-DTV_Test_Automation_Test_Suit" title="com.hybridFramework.testcases.TvShowTest" hash-for-method="verifyTitleTest">verifyTitleTest</a> <!-- method navigator-link -->
                      </span>
                      <br/>
                    </div> <!-- method-list-content skipped suite-DTV_Test_Automation_Test_Suit -->
                  </li>
                  <li>
                    <span class="method-list-title passed">Passed methods</span>
                    <span class="show-or-hide-methods passed">
                      <a href="#" panel-name="suite-DTV_Test_Automation_Test_Suit" class="hide-methods passed suite-DTV_Test_Automation_Test_Suit"> (hide)</a> <!-- hide-methods passed suite-DTV_Test_Automation_Test_Suit -->
                      <a href="#" panel-name="suite-DTV_Test_Automation_Test_Suit" class="show-methods passed suite-DTV_Test_Automation_Test_Suit"> (show)</a> <!-- show-methods passed suite-DTV_Test_Automation_Test_Suit -->
                    </span>
                    <div class="method-list-content passed suite-DTV_Test_Automation_Test_Suit">
                      <span>
                        <img width="3%" src="passed.png"/>
                        <a href="#" class="method navigator-link" panel-name="suite-DTV_Test_Automation_Test_Suit" title="com.hybridFramework.testcases.mhovermovieTest" hash-for-method="forkidsTest">forkidsTest</a> <!-- method navigator-link -->
                      </span>
                      <br/>
                      <span>
                        <img width="3%" src="passed.png"/>
                        <a href="#" class="method navigator-link" panel-name="suite-DTV_Test_Automation_Test_Suit" title="com.hybridFramework.testcases.LoginTest" hash-for-method="logintest">logintest</a> <!-- method navigator-link -->
                      </span>
                      <br/>
                      <span>
                        <img width="3%" src="passed.png"/>
                        <a href="#" class="method navigator-link" panel-name="suite-DTV_Test_Automation_Test_Suit" title="com.hybridFramework.testcases.mhovermovieTest" hash-for-method="sportsTest">sportsTest</a> <!-- method navigator-link -->
                      </span>
                      <br/>
                      <span>
                        <img width="3%" src="passed.png"/>
                        <a href="#" class="method navigator-link" panel-name="suite-DTV_Test_Automation_Test_Suit" title="com.hybridFramework.testcases.mhovermovieTest" hash-for-method="tvshowsTest">tvshowsTest</a> <!-- method navigator-link -->
                      </span>
                      <br/>
                      <span>
                        <img width="3%" src="passed.png"/>
                        <a href="#" class="method navigator-link" panel-name="suite-DTV_Test_Automation_Test_Suit" title="com.hybridFramework.testcases.LoginTest" hash-for-method="validateLogoTest">validateLogoTest</a> <!-- method navigator-link -->
                      </span>
                      <br/>
                      <span>
                        <img width="3%" src="passed.png"/>
                        <a href="#" class="method navigator-link" panel-name="suite-DTV_Test_Automation_Test_Suit" title="com.hybridFramework.testcases.Kidstest" hash-for-method="verifyKidsTitle">verifyKidsTitle</a> <!-- method navigator-link -->
                      </span>
                      <br/>
                      <span>
                        <img width="3%" src="passed.png"/>
                        <a href="#" class="method navigator-link" panel-name="suite-DTV_Test_Automation_Test_Suit" title="com.hybridFramework.testcases.Kidstest" hash-for-method="verifytitle">verifytitle</a> <!-- method navigator-link -->
                      </span>
                      <br/>
                      <span>
                        <img width="3%" src="passed.png"/>
                        <a href="#" class="method navigator-link" panel-name="suite-DTV_Test_Automation_Test_Suit" title="com.hybridFramework.testcases.SportsTest" hash-for-method="verifytitle1">verifytitle1</a> <!-- method navigator-link -->
                      </span>
                      <br/>
                      <span>
                        <img width="3%" src="passed.png"/>
                        <a href="#" class="method navigator-link" panel-name="suite-DTV_Test_Automation_Test_Suit" title="com.hybridFramework.testcases.SportsTest" hash-for-method="verifytitletext">verifytitletext</a> <!-- method navigator-link -->
                      </span>
                      <br/>
                      <span>
                        <img width="3%" src="passed.png"/>
                        <a href="#" class="method navigator-link" panel-name="suite-DTV_Test_Automation_Test_Suit" title="com.hybridFramework.testcases.mhovermovieTest" hash-for-method="verifywtachlinkTitleTest">verifywtachlinkTitleTest</a> <!-- method navigator-link -->
                      </span>
                      <br/>
                    </div> <!-- method-list-content passed suite-DTV_Test_Automation_Test_Suit -->
                  </li>
                </ul>
              </div> <!-- suite-section-content -->
            </div> <!-- result-section -->
          </div> <!-- navigator-suite-content -->
        </div> <!-- rounded-window -->
      </div> <!-- suite -->
    </div> <!-- navigator-root -->
    <div class="wrapper">
      <div class="main-panel-root">
        <div panel-name="suite-DTV_Test_Automation_Test_Suit" class="panel DTV_Test_Automation_Test_Suit">
          <div class="suite-DTV_Test_Automation_Test_Suit-class-failed">
            <div class="main-panel-header rounded-window-top">
              <img src="failed.png"/>
              <span class="class-name">com.hybridFramework.testcases.LoginTest</span>
            </div> <!-- main-panel-header rounded-window-top -->
            <div class="main-panel-content rounded-window-bottom">
              <div class="method">
                <div class="method-content">
                  <a name="loginpageTitleTest">
                  </a> <!-- loginpageTitleTest -->
                  <span class="method-name">loginpageTitleTest</span>
                  <div class="stack-trace">org.junit.ComparisonFailure: expected:&lt;...icial Site | New $35[] TV Deal!&gt; but was:&lt;...icial Site | New $35[5] TV Deal!&gt;
	at org.junit.Assert.assertEquals(Assert.java:115)
	at org.junit.Assert.assertEquals(Assert.java:144)
	at com.hybridFramework.testcases.LoginTest.loginpageTitleTest(LoginTest.java:42)
... Removed 25 stack frames
</div> <!-- stack-trace -->
                </div> <!-- method-content -->
              </div> <!-- method -->
            </div> <!-- main-panel-content rounded-window-bottom -->
          </div> <!-- suite-DTV_Test_Automation_Test_Suit-class-failed -->
          <div class="suite-DTV_Test_Automation_Test_Suit-class-skipped">
            <div class="main-panel-header rounded-window-top">
              <img src="skipped.png"/>
              <span class="class-name">com.hybridFramework.testcases.TvShowTest</span>
            </div> <!-- main-panel-header rounded-window-top -->
            <div class="main-panel-content rounded-window-bottom">
              <div class="method">
                <div class="method-content">
                  <a name="showtvTest">
                  </a> <!-- showtvTest -->
                  <span class="method-name">showtvTest</span>
                  <div class="stack-trace">org.openqa.selenium.WebDriverException: unknown error: failed to change window state to maximized, current state is normal
  (Session info: chrome=65.0.3325.181)
  (Driver info: chromedriver=2.37.544315 (730aa6a5fdba159ac9f4c1e8cbc59bf1b5ce12b7),platform=Windows NT 10.0.14393 x86_64) (WARNING: The server did not provide any stacktrace information)
Command duration or timeout: 0 milliseconds
Build info: version: &apos;unknown&apos;, revision: &apos;unknown&apos;, time: &apos;unknown&apos;
System info: host: &apos;MUA4HNNWDH&apos;, ip: &apos;16.125.153.62&apos;, os.name: &apos;Windows 10&apos;, os.arch: &apos;amd64&apos;, os.version: &apos;10.0&apos;, java.version: &apos;1.8.0_161&apos;
Driver info: org.openqa.selenium.chrome.ChromeDriver
Capabilities [{mobileEmulationEnabled=false, hasTouchScreen=false, platform=XP, acceptSslCerts=false, acceptInsecureCerts=false, webStorageEnabled=true, browserName=chrome, takesScreenshot=true, javascriptEnabled=true, setWindowRect=true, unexpectedAlertBehaviour=, applicationCacheEnabled=false, rotatable=false, networkConnectionEnabled=false, chrome={chromedriverVersion=2.37.544315 (730aa6a5fdba159ac9f4c1e8cbc59bf1b5ce12b7), userDataDir=C:\Users\sharmava\AppData\Local\Temp\scoped_dir3212_30861}, takesHeapSnapshot=true, pageLoadStrategy=normal, unhandledPromptBehavior=, databaseEnabled=false, handlesAlerts=true, version=65.0.3325.181, browserConnectionEnabled=false, nativeEvents=true, locationContextEnabled=true, cssSelectorsEnabled=true}]
Session ID: c793d1117aacff5fbc25f734b6344f91
	at org.openqa.selenium.remote.ErrorHandler.createThrowable(ErrorHandler.java:215)
	at org.openqa.selenium.remote.ErrorHandler.throwIfResponseFailed(ErrorHandler.java:167)
	at org.openqa.selenium.remote.http.JsonHttpResponseCodec.reconstructValue(JsonHttpResponseCodec.java:40)
	at org.openqa.selenium.remote.http.AbstractHttpResponseCodec.decode(AbstractHttpResponseCodec.java:82)
	at org.openqa.selenium.remote.http.AbstractHttpResponseCodec.decode(AbstractHttpResponseCodec.java:45)
	at org.openqa.selenium.remote.HttpCommandExecutor.execute(HttpCommandExecutor.java:164)
	at org.openqa.selenium.remote.service.DriverCommandExecutor.execute(DriverCommandExecutor.java:82)
	at org.openqa.selenium.remote.RemoteWebDriver.execute(RemoteWebDriver.java:641)
	at org.openqa.selenium.remote.RemoteWebDriver.execute(RemoteWebDriver.java:698)
	at org.openqa.selenium.remote.RemoteWebDriver$RemoteWebDriverOptions$RemoteWindow.maximize(RemoteWebDriver.java:929)
	at com.hybridFramework.testBase.TestBase.initializedriver(TestBase.java:54)
	at com.hybridFramework.testcases.TvShowTest.setup(TvShowTest.java:28)
... Removed 31 stack frames
</div> <!-- stack-trace -->
                </div> <!-- method-content -->
              </div> <!-- method -->
              <div class="method">
                <div class="method-content">
                  <a name="verifyTitleTest">
                  </a> <!-- verifyTitleTest -->
                  <span class="method-name">verifyTitleTest</span>
                  <div class="stack-trace">org.openqa.selenium.WebDriverException: unknown error: failed to change window state to maximized, current state is normal
  (Session info: chrome=65.0.3325.181)
  (Driver info: chromedriver=2.37.544315 (730aa6a5fdba159ac9f4c1e8cbc59bf1b5ce12b7),platform=Windows NT 10.0.14393 x86_64) (WARNING: The server did not provide any stacktrace information)
Command duration or timeout: 0 milliseconds
Build info: version: &apos;unknown&apos;, revision: &apos;unknown&apos;, time: &apos;unknown&apos;
System info: host: &apos;MUA4HNNWDH&apos;, ip: &apos;16.125.153.62&apos;, os.name: &apos;Windows 10&apos;, os.arch: &apos;amd64&apos;, os.version: &apos;10.0&apos;, java.version: &apos;1.8.0_161&apos;
Driver info: org.openqa.selenium.chrome.ChromeDriver
Capabilities [{mobileEmulationEnabled=false, hasTouchScreen=false, platform=XP, acceptSslCerts=false, acceptInsecureCerts=false, webStorageEnabled=true, browserName=chrome, takesScreenshot=true, javascriptEnabled=true, setWindowRect=true, unexpectedAlertBehaviour=, applicationCacheEnabled=false, rotatable=false, networkConnectionEnabled=false, chrome={chromedriverVersion=2.37.544315 (730aa6a5fdba159ac9f4c1e8cbc59bf1b5ce12b7), userDataDir=C:\Users\sharmava\AppData\Local\Temp\scoped_dir3212_30861}, takesHeapSnapshot=true, pageLoadStrategy=normal, unhandledPromptBehavior=, databaseEnabled=false, handlesAlerts=true, version=65.0.3325.181, browserConnectionEnabled=false, nativeEvents=true, locationContextEnabled=true, cssSelectorsEnabled=true}]
Session ID: c793d1117aacff5fbc25f734b6344f91
	at org.openqa.selenium.remote.ErrorHandler.createThrowable(ErrorHandler.java:215)
	at org.openqa.selenium.remote.ErrorHandler.throwIfResponseFailed(ErrorHandler.java:167)
	at org.openqa.selenium.remote.http.JsonHttpResponseCodec.reconstructValue(JsonHttpResponseCodec.java:40)
	at org.openqa.selenium.remote.http.AbstractHttpResponseCodec.decode(AbstractHttpResponseCodec.java:82)
	at org.openqa.selenium.remote.http.AbstractHttpResponseCodec.decode(AbstractHttpResponseCodec.java:45)
	at org.openqa.selenium.remote.HttpCommandExecutor.execute(HttpCommandExecutor.java:164)
	at org.openqa.selenium.remote.service.DriverCommandExecutor.execute(DriverCommandExecutor.java:82)
	at org.openqa.selenium.remote.RemoteWebDriver.execute(RemoteWebDriver.java:641)
	at org.openqa.selenium.remote.RemoteWebDriver.execute(RemoteWebDriver.java:698)
	at org.openqa.selenium.remote.RemoteWebDriver$RemoteWebDriverOptions$RemoteWindow.maximize(RemoteWebDriver.java:929)
	at com.hybridFramework.testBase.TestBase.initializedriver(TestBase.java:54)
	at com.hybridFramework.testcases.TvShowTest.setup(TvShowTest.java:28)
... Removed 31 stack frames
</div> <!-- stack-trace -->
                </div> <!-- method-content -->
              </div> <!-- method -->
            </div> <!-- main-panel-content rounded-window-bottom -->
          </div> <!-- suite-DTV_Test_Automation_Test_Suit-class-skipped -->
          <div class="suite-DTV_Test_Automation_Test_Suit-class-passed">
            <div class="main-panel-header rounded-window-top">
              <img src="passed.png"/>
              <span class="class-name">com.hybridFramework.testcases.Kidstest</span>
            </div> <!-- main-panel-header rounded-window-top -->
            <div class="main-panel-content rounded-window-bottom">
              <div class="method">
                <div class="method-content">
                  <a name="verifyKidsTitle">
                  </a> <!-- verifyKidsTitle -->
                  <span class="method-name">verifyKidsTitle</span>
                </div> <!-- method-content -->
              </div> <!-- method -->
              <div class="method">
                <div class="method-content">
                  <a name="verifytitle">
                  </a> <!-- verifytitle -->
                  <span class="method-name">verifytitle</span>
                </div> <!-- method-content -->
              </div> <!-- method -->
            </div> <!-- main-panel-content rounded-window-bottom -->
          </div> <!-- suite-DTV_Test_Automation_Test_Suit-class-passed -->
          <div class="suite-DTV_Test_Automation_Test_Suit-class-passed">
            <div class="main-panel-header rounded-window-top">
              <img src="passed.png"/>
              <span class="class-name">com.hybridFramework.testcases.SportsTest</span>
            </div> <!-- main-panel-header rounded-window-top -->
            <div class="main-panel-content rounded-window-bottom">
              <div class="method">
                <div class="method-content">
                  <a name="verifytitle1">
                  </a> <!-- verifytitle1 -->
                  <span class="method-name">verifytitle1</span>
                </div> <!-- method-content -->
              </div> <!-- method -->
              <div class="method">
                <div class="method-content">
                  <a name="verifytitletext">
                  </a> <!-- verifytitletext -->
                  <span class="method-name">verifytitletext</span>
                </div> <!-- method-content -->
              </div> <!-- method -->
            </div> <!-- main-panel-content rounded-window-bottom -->
          </div> <!-- suite-DTV_Test_Automation_Test_Suit-class-passed -->
          <div class="suite-DTV_Test_Automation_Test_Suit-class-passed">
            <div class="main-panel-header rounded-window-top">
              <img src="passed.png"/>
              <span class="class-name">com.hybridFramework.testcases.LoginTest</span>
            </div> <!-- main-panel-header rounded-window-top -->
            <div class="main-panel-content rounded-window-bottom">
              <div class="method">
                <div class="method-content">
                  <a name="logintest">
                  </a> <!-- logintest -->
                  <span class="method-name">logintest</span>
                </div> <!-- method-content -->
              </div> <!-- method -->
              <div class="method">
                <div class="method-content">
                  <a name="validateLogoTest">
                  </a> <!-- validateLogoTest -->
                  <span class="method-name">validateLogoTest</span>
                </div> <!-- method-content -->
              </div> <!-- method -->
            </div> <!-- main-panel-content rounded-window-bottom -->
          </div> <!-- suite-DTV_Test_Automation_Test_Suit-class-passed -->
          <div class="suite-DTV_Test_Automation_Test_Suit-class-passed">
            <div class="main-panel-header rounded-window-top">
              <img src="passed.png"/>
              <span class="class-name">com.hybridFramework.testcases.mhovermovieTest</span>
            </div> <!-- main-panel-header rounded-window-top -->
            <div class="main-panel-content rounded-window-bottom">
              <div class="method">
                <div class="method-content">
                  <a name="forkidsTest">
                  </a> <!-- forkidsTest -->
                  <span class="method-name">forkidsTest</span>
                </div> <!-- method-content -->
              </div> <!-- method -->
              <div class="method">
                <div class="method-content">
                  <a name="sportsTest">
                  </a> <!-- sportsTest -->
                  <span class="method-name">sportsTest</span>
                </div> <!-- method-content -->
              </div> <!-- method -->
              <div class="method">
                <div class="method-content">
                  <a name="tvshowsTest">
                  </a> <!-- tvshowsTest -->
                  <span class="method-name">tvshowsTest</span>
                </div> <!-- method-content -->
              </div> <!-- method -->
              <div class="method">
                <div class="method-content">
                  <a name="verifywtachlinkTitleTest">
                  </a> <!-- verifywtachlinkTitleTest -->
                  <span class="method-name">verifywtachlinkTitleTest</span>
                </div> <!-- method-content -->
              </div> <!-- method -->
            </div> <!-- main-panel-content rounded-window-bottom -->
          </div> <!-- suite-DTV_Test_Automation_Test_Suit-class-passed -->
        </div> <!-- panel DTV_Test_Automation_Test_Suit -->
        <div panel-name="test-xml-DTV_Test_Automation_Test_Suit" class="panel">
          <div class="main-panel-header rounded-window-top">
            <span class="header-content">C:\Users\sharmava\eclipse-workspace\hybridFramework\testng.xml</span>
          </div> <!-- main-panel-header rounded-window-top -->
          <div class="main-panel-content rounded-window-bottom">
            <pre>
&lt;?xml version=&quot;1.0&quot; encoding=&quot;UTF-8&quot;?&gt;
&lt;!DOCTYPE suite SYSTEM &quot;http://testng.org/testng-1.0.dtd&quot;&gt;
&lt;suite guice-stage=&quot;DEVELOPMENT&quot; name=&quot;DTV Test Automation Test Suit&quot;&gt;
  &lt;listeners&gt;
    &lt;listener class-name=&quot;com.hybridFramework.util.Listener&quot;/&gt;
    &lt;listener class-name=&quot;com.hybridFramework.ExtentReportListener.ExtentReporterNG&quot;/&gt;
    &lt;listener class-name=&quot;com.hybridFramework.ExtentReportListener.ExtentReporterNG&quot;/&gt;
  &lt;/listeners&gt;
  &lt;test thread-count=&quot;5&quot; name=&quot;DTV Page Test Cases&quot;&gt;
    &lt;classes&gt;
      &lt;class name=&quot;com.hybridFramework.testcases.LoginTest&quot;/&gt;
      &lt;class name=&quot;com.hybridFramework.testcases.mhovermovieTest&quot;/&gt;
      &lt;class name=&quot;com.hybridFramework.testcases.TvShowTest&quot;/&gt;
      &lt;class name=&quot;com.hybridFramework.testcases.SportsTest&quot;/&gt;
      &lt;class name=&quot;com.hybridFramework.testcases.Kidstest&quot;/&gt;
    &lt;/classes&gt;
  &lt;/test&gt; &lt;!-- DTV Page Test Cases --&gt;
&lt;/suite&gt; &lt;!-- DTV Test Automation Test Suit --&gt;
            </pre>
          </div> <!-- main-panel-content rounded-window-bottom -->
        </div> <!-- panel -->
        <div panel-name="testlist-DTV_Test_Automation_Test_Suit" class="panel">
          <div class="main-panel-header rounded-window-top">
            <span class="header-content">Tests for DTV Test Automation Test Suit</span>
          </div> <!-- main-panel-header rounded-window-top -->
          <div class="main-panel-content rounded-window-bottom">
            <ul>
              <li>
                <span class="test-name">DTV Page Test Cases (5 classes)</span>
              </li>
            </ul>
          </div> <!-- main-panel-content rounded-window-bottom -->
        </div> <!-- panel -->
        <div panel-name="group-DTV_Test_Automation_Test_Suit" class="panel">
          <div class="main-panel-header rounded-window-top">
            <span class="header-content">Groups for DTV Test Automation Test Suit</span>
          </div> <!-- main-panel-header rounded-window-top -->
          <div class="main-panel-content rounded-window-bottom">
          </div> <!-- main-panel-content rounded-window-bottom -->
        </div> <!-- panel -->
        <div panel-name="times-DTV_Test_Automation_Test_Suit" class="panel">
          <div class="main-panel-header rounded-window-top">
            <span class="header-content">Times for DTV Test Automation Test Suit</span>
          </div> <!-- main-panel-header rounded-window-top -->
          <div class="main-panel-content rounded-window-bottom">
            <div class="times-div">
              <script type="text/javascript">
suiteTableInitFunctions.push('tableData_DTV_Test_Automation_Test_Suit');
function tableData_DTV_Test_Automation_Test_Suit() {
var data = new google.visualization.DataTable();
data.addColumn('number', 'Number');
data.addColumn('string', 'Method');
data.addColumn('string', 'Class');
data.addColumn('number', 'Time (ms)');
data.addRows(13);
data.setCell(0, 0, 0)
data.setCell(0, 1, 'logintest')
data.setCell(0, 2, 'com.hybridFramework.testcases.LoginTest')
data.setCell(0, 3, 46173);
data.setCell(1, 0, 1)
data.setCell(1, 1, 'tvshowsTest')
data.setCell(1, 2, 'com.hybridFramework.testcases.mhovermovieTest')
data.setCell(1, 3, 22322);
data.setCell(2, 0, 2)
data.setCell(2, 1, 'forkidsTest')
data.setCell(2, 2, 'com.hybridFramework.testcases.mhovermovieTest')
data.setCell(2, 3, 17429);
data.setCell(3, 0, 3)
data.setCell(3, 1, 'sportsTest')
data.setCell(3, 2, 'com.hybridFramework.testcases.mhovermovieTest')
data.setCell(3, 3, 13032);
data.setCell(4, 0, 4)
data.setCell(4, 1, 'verifytitletext')
data.setCell(4, 2, 'com.hybridFramework.testcases.SportsTest')
data.setCell(4, 3, 1860);
data.setCell(5, 0, 5)
data.setCell(5, 1, 'verifytitle')
data.setCell(5, 2, 'com.hybridFramework.testcases.Kidstest')
data.setCell(5, 3, 794);
data.setCell(6, 0, 6)
data.setCell(6, 1, 'verifyKidsTitle')
data.setCell(6, 2, 'com.hybridFramework.testcases.Kidstest')
data.setCell(6, 3, 409);
data.setCell(7, 0, 7)
data.setCell(7, 1, 'validateLogoTest')
data.setCell(7, 2, 'com.hybridFramework.testcases.LoginTest')
data.setCell(7, 3, 349);
data.setCell(8, 0, 8)
data.setCell(8, 1, 'verifytitle1')
data.setCell(8, 2, 'com.hybridFramework.testcases.SportsTest')
data.setCell(8, 3, 184);
data.setCell(9, 0, 9)
data.setCell(9, 1, 'verifywtachlinkTitleTest')
data.setCell(9, 2, 'com.hybridFramework.testcases.mhovermovieTest')
data.setCell(9, 3, 68);
data.setCell(10, 0, 10)
data.setCell(10, 1, 'loginpageTitleTest')
data.setCell(10, 2, 'com.hybridFramework.testcases.LoginTest')
data.setCell(10, 3, 64);
data.setCell(11, 0, 11)
data.setCell(11, 1, 'verifyTitleTest')
data.setCell(11, 2, 'com.hybridFramework.testcases.TvShowTest')
data.setCell(11, 3, 0);
data.setCell(12, 0, 12)
data.setCell(12, 1, 'showtvTest')
data.setCell(12, 2, 'com.hybridFramework.testcases.TvShowTest')
data.setCell(12, 3, 0);
window.suiteTableData['DTV_Test_Automation_Test_Suit']= { tableData: data, tableDiv: 'times-div-DTV_Test_Automation_Test_Suit'}
return data;
}
              </script>
              <span class="suite-total-time">Total running time: 1 minutes</span>
              <div id="times-div-DTV_Test_Automation_Test_Suit">
              </div> <!-- times-div-DTV_Test_Automation_Test_Suit -->
            </div> <!-- times-div -->
          </div> <!-- main-panel-content rounded-window-bottom -->
        </div> <!-- panel -->
        <div panel-name="reporter-DTV_Test_Automation_Test_Suit" class="panel">
          <div class="main-panel-header rounded-window-top">
            <span class="header-content">Reporter output for DTV Test Automation Test Suit</span>
          </div> <!-- main-panel-header rounded-window-top -->
          <div class="main-panel-content rounded-window-bottom">
          </div> <!-- main-panel-content rounded-window-bottom -->
        </div> <!-- panel -->
        <div panel-name="ignored-methods-DTV_Test_Automation_Test_Suit" class="panel">
          <div class="main-panel-header rounded-window-top">
            <span class="header-content">0 ignored methods</span>
          </div> <!-- main-panel-header rounded-window-top -->
          <div class="main-panel-content rounded-window-bottom">
          </div> <!-- main-panel-content rounded-window-bottom -->
        </div> <!-- panel -->
        <div panel-name="chronological-DTV_Test_Automation_Test_Suit" class="panel">
          <div class="main-panel-header rounded-window-top">
            <span class="header-content">Methods in chronological order</span>
          </div> <!-- main-panel-header rounded-window-top -->
          <div class="main-panel-content rounded-window-bottom">
            <div class="chronological-class">
              <div class="chronological-class-name">com.hybridFramework.testcases.SportsTest</div> <!-- chronological-class-name -->
              <div class="configuration-method before">
                <span class="method-name">setup</span>
                <span class="method-start">0 ms</span>
              </div> <!-- configuration-method before -->
              <div class="test-method">
                <span class="method-name">verifytitle1</span>
                <span class="method-start">163480 ms</span>
              </div> <!-- test-method -->
              <div class="configuration-method after">
                <span class="method-name">teardown</span>
                <span class="method-start">163668 ms</span>
              </div> <!-- configuration-method after -->
              <div class="configuration-method before">
                <span class="method-name">setup</span>
                <span class="method-start">168430 ms</span>
              </div> <!-- configuration-method before -->
              <div class="test-method">
                <span class="method-name">verifytitletext</span>
                <span class="method-start">286211 ms</span>
              </div> <!-- test-method -->
              <div class="configuration-method after">
                <span class="method-name">teardown</span>
                <span class="method-start">288074 ms</span>
              </div> <!-- configuration-method after -->
            </div> <!-- chronological-class -->
            <div class="chronological-class">
              <div class="chronological-class-name">com.hybridFramework.testcases.Kidstest</div> <!-- chronological-class-name -->
              <div class="configuration-method before">
                <span class="method-name">setup</span>
                <span class="method-start">311530 ms</span>
              </div> <!-- configuration-method before -->
              <div class="test-method">
                <span class="method-name">verifyKidsTitle</span>
                <span class="method-start">420238 ms</span>
              </div> <!-- test-method -->
              <div class="configuration-method after">
                <span class="method-name">teardown</span>
                <span class="method-start">420650 ms</span>
              </div> <!-- configuration-method after -->
              <div class="configuration-method before">
                <span class="method-name">setup</span>
                <span class="method-start">422927 ms</span>
              </div> <!-- configuration-method before -->
              <div class="test-method">
                <span class="method-name">verifytitle</span>
                <span class="method-start">550338 ms</span>
              </div> <!-- test-method -->
              <div class="configuration-method after">
                <span class="method-name">teardown</span>
                <span class="method-start">551135 ms</span>
              </div> <!-- configuration-method after -->
            </div> <!-- chronological-class -->
            <div class="chronological-class">
              <div class="chronological-class-name">com.hybridFramework.testcases.LoginTest</div> <!-- chronological-class-name -->
              <div class="configuration-method before">
                <span class="method-name">setup</span>
                <span class="method-start">568385 ms</span>
              </div> <!-- configuration-method before -->
              <div class="test-method">
                <img src="failed.png">
                </img>
                <span class="method-name">loginpageTitleTest</span>
                <span class="method-start">616896 ms</span>
              </div> <!-- test-method -->
              <div class="configuration-method after">
                <span class="method-name">tearDown</span>
                <span class="method-start">619442 ms</span>
              </div> <!-- configuration-method after -->
            </div> <!-- chronological-class -->
            <div class="chronological-class">
              <div class="chronological-class-name">com.hybridFramework.testcases.mhovermovieTest</div> <!-- chronological-class-name -->
              <div class="configuration-method before">
                <span class="method-name">setup</span>
                <span class="method-start">625132 ms</span>
              </div> <!-- configuration-method before -->
              <div class="test-method">
                <span class="method-name">verifywtachlinkTitleTest</span>
                <span class="method-start">695030 ms</span>
              </div> <!-- test-method -->
              <div class="configuration-method after">
                <span class="method-name">teardown</span>
                <span class="method-start">695101 ms</span>
              </div> <!-- configuration-method after -->
            </div> <!-- chronological-class -->
            <div class="chronological-class">
              <div class="chronological-class-name">com.hybridFramework.testcases.TvShowTest</div> <!-- chronological-class-name -->
              <div class="configuration-method before">
                <img src="failed.png">
                </img>
                <span class="method-name">setup</span>
                <span class="method-start">698619 ms</span>
              </div> <!-- configuration-method before -->
            </div> <!-- chronological-class -->
            <div class="chronological-class">
              <div class="chronological-class-name">com.hybridFramework.testcases.LoginTest</div> <!-- chronological-class-name -->
              <div class="configuration-method before">
                <span class="method-name">setup</span>
                <span class="method-start">709501 ms</span>
              </div> <!-- configuration-method before -->
              <div class="test-method">
                <span class="method-name">validateLogoTest</span>
                <span class="method-start">752119 ms</span>
              </div> <!-- test-method -->
              <div class="configuration-method after">
                <span class="method-name">tearDown</span>
                <span class="method-start">752471 ms</span>
              </div> <!-- configuration-method after -->
            </div> <!-- chronological-class -->
            <div class="chronological-class">
              <div class="chronological-class-name">com.hybridFramework.testcases.mhovermovieTest</div> <!-- chronological-class-name -->
              <div class="configuration-method before">
                <span class="method-name">setup</span>
                <span class="method-start">755438 ms</span>
              </div> <!-- configuration-method before -->
              <div class="test-method">
                <span class="method-name">tvshowsTest</span>
                <span class="method-start">822334 ms</span>
              </div> <!-- test-method -->
              <div class="configuration-method after">
                <span class="method-name">teardown</span>
                <span class="method-start">844658 ms</span>
              </div> <!-- configuration-method after -->
            </div> <!-- chronological-class -->
            <div class="chronological-class">
              <div class="chronological-class-name">com.hybridFramework.testcases.LoginTest</div> <!-- chronological-class-name -->
              <div class="configuration-method before">
                <span class="method-name">setup</span>
                <span class="method-start">848005 ms</span>
              </div> <!-- configuration-method before -->
              <div class="test-method">
                <span class="method-name">logintest</span>
                <span class="method-start">896363 ms</span>
              </div> <!-- test-method -->
              <div class="configuration-method after">
                <span class="method-name">tearDown</span>
                <span class="method-start">942540 ms</span>
              </div> <!-- configuration-method after -->
            </div> <!-- chronological-class -->
            <div class="chronological-class">
              <div class="chronological-class-name">com.hybridFramework.testcases.mhovermovieTest</div> <!-- chronological-class-name -->
              <div class="configuration-method before">
                <span class="method-name">setup</span>
                <span class="method-start">944469 ms</span>
              </div> <!-- configuration-method before -->
              <div class="test-method">
                <span class="method-name">sportsTest</span>
                <span class="method-start">1010790 ms</span>
              </div> <!-- test-method -->
              <div class="configuration-method after">
                <span class="method-name">teardown</span>
                <span class="method-start">1023825 ms</span>
              </div> <!-- configuration-method after -->
              <div class="configuration-method before">
                <span class="method-name">setup</span>
                <span class="method-start">1027931 ms</span>
              </div> <!-- configuration-method before -->
              <div class="test-method">
                <span class="method-name">forkidsTest</span>
                <span class="method-start">1099261 ms</span>
              </div> <!-- test-method -->
              <div class="configuration-method after">
                <span class="method-name">teardown</span>
                <span class="method-start">1116692 ms</span>
              </div> <!-- configuration-method after -->
          </div> <!-- main-panel-content rounded-window-bottom -->
        </div> <!-- panel -->
      </div> <!-- main-panel-root -->
    </div> <!-- wrapper -->
  </body>
</html>
