<?xml version="1.0" encoding="UTF-8"?>
<testng-results skipped="2" failed="1" ignored="0" total="13" passed="10">
  <reporter-output>
  </reporter-output>
  <suite name="DTV Test Automation Test Suit" duration-ms="1120155" started-at="2018-04-17T18:25:55Z" finished-at="2018-04-17T18:44:35Z">
    <groups>
    </groups>
    <test name="DTV Page Test Cases" duration-ms="1120155" started-at="2018-04-17T18:25:55Z" finished-at="2018-04-17T18:44:35Z">
      <class name="com.hybridFramework.testcases.mhovermovieTest">
        <test-method status="PASS" signature="setup()[pri:0, instance:com.hybridFramework.testcases.mhovermovieTest@5383967b]" name="setup" is-config="true" duration-ms="69897" started-at="2018-04-17T12:36:20Z" finished-at="2018-04-17T12:37:30Z">
          <reporter-output>
          </reporter-output>
        </test-method> <!-- setup -->
        <test-method status="PASS" signature="verifywtachlinkTitleTest()[pri:1, instance:com.hybridFramework.testcases.mhovermovieTest@5383967b]" name="verifywtachlinkTitleTest" duration-ms="68" started-at="2018-04-17T12:37:30Z" finished-at="2018-04-17T12:37:30Z">
          <reporter-output>
          </reporter-output>
        </test-method> <!-- verifywtachlinkTitleTest -->
        <test-method status="PASS" signature="teardown()[pri:0, instance:com.hybridFramework.testcases.mhovermovieTest@5383967b]" name="teardown" is-config="true" duration-ms="3517" started-at="2018-04-17T12:37:30Z" finished-at="2018-04-17T12:37:34Z">
          <reporter-output>
          </reporter-output>
        </test-method> <!-- teardown -->
        <test-method status="PASS" signature="setup()[pri:0, instance:com.hybridFramework.testcases.mhovermovieTest@5383967b]" name="setup" is-config="true" duration-ms="66896" started-at="2018-04-17T12:38:31Z" finished-at="2018-04-17T12:39:37Z">
          <reporter-output>
          </reporter-output>
        </test-method> <!-- setup -->
        <test-method status="PASS" signature="tvshowsTest()[pri:2, instance:com.hybridFramework.testcases.mhovermovieTest@5383967b]" name="tvshowsTest" duration-ms="22322" started-at="2018-04-17T12:39:37Z" finished-at="2018-04-17T12:40:00Z">
          <reporter-output>
          </reporter-output>
        </test-method> <!-- tvshowsTest -->
        <test-method status="PASS" signature="teardown()[pri:0, instance:com.hybridFramework.testcases.mhovermovieTest@5383967b]" name="teardown" is-config="true" duration-ms="3334" started-at="2018-04-17T12:40:00Z" finished-at="2018-04-17T12:40:03Z">
          <reporter-output>
          </reporter-output>
        </test-method> <!-- teardown -->
        <test-method status="PASS" signature="setup()[pri:0, instance:com.hybridFramework.testcases.mhovermovieTest@5383967b]" name="setup" is-config="true" duration-ms="66321" started-at="2018-04-17T12:41:40Z" finished-at="2018-04-17T12:42:46Z">
          <reporter-output>
          </reporter-output>
        </test-method> <!-- setup -->
        <test-method status="PASS" signature="sportsTest()[pri:3, instance:com.hybridFramework.testcases.mhovermovieTest@5383967b]" name="sportsTest" duration-ms="13032" started-at="2018-04-17T12:42:46Z" finished-at="2018-04-17T12:42:59Z">
          <reporter-output>
          </reporter-output>
        </test-method> <!-- sportsTest -->
        <test-method status="PASS" signature="teardown()[pri:0, instance:com.hybridFramework.testcases.mhovermovieTest@5383967b]" name="teardown" is-config="true" duration-ms="4105" started-at="2018-04-17T12:42:59Z" finished-at="2018-04-17T12:43:03Z">
          <reporter-output>
          </reporter-output>
        </test-method> <!-- teardown -->
        <test-method status="PASS" signature="setup()[pri:0, instance:com.hybridFramework.testcases.mhovermovieTest@5383967b]" name="setup" is-config="true" duration-ms="71330" started-at="2018-04-17T12:43:03Z" finished-at="2018-04-17T12:44:14Z">
          <reporter-output>
          </reporter-output>
        </test-method> <!-- setup -->
        <test-method status="PASS" signature="forkidsTest()[pri:4, instance:com.hybridFramework.testcases.mhovermovieTest@5383967b]" name="forkidsTest" duration-ms="17429" started-at="2018-04-17T12:44:14Z" finished-at="2018-04-17T12:44:32Z">
          <reporter-output>
          </reporter-output>
        </test-method> <!-- forkidsTest -->
        <test-method status="PASS" signature="teardown()[pri:0, instance:com.hybridFramework.testcases.mhovermovieTest@5383967b]" name="teardown" is-config="true" duration-ms="3375" started-at="2018-04-17T12:44:32Z" finished-at="2018-04-17T12:44:35Z">
          <reporter-output>
          </reporter-output>
        </test-method> <!-- teardown -->
      </class> <!-- com.hybridFramework.testcases.mhovermovieTest -->
      <class name="com.hybridFramework.testcases.LoginTest">
        <test-method status="PASS" signature="setup()[pri:0, instance:com.hybridFramework.testcases.LoginTest@4fe3c938]" name="setup" is-config="true" duration-ms="48510" started-at="2018-04-17T12:35:24Z" finished-at="2018-04-17T12:36:12Z">
          <reporter-output>
          </reporter-output>
        </test-method> <!-- setup -->
        <test-method status="FAIL" signature="loginpageTitleTest()[pri:1, instance:com.hybridFramework.testcases.LoginTest@4fe3c938]" name="loginpageTitleTest" duration-ms="64" started-at="2018-04-17T12:36:12Z" finished-at="2018-04-17T12:36:12Z">
          <exception class="org.junit.ComparisonFailure">
            <message>
              <![CDATA[expected:<...icial Site | New $35[] TV Deal!> but was:<...icial Site | New $35[5] TV Deal!>]]>
            </message>
            <full-stacktrace>
              <![CDATA[org.junit.ComparisonFailure: expected:<...icial Site | New $35[] TV Deal!> but was:<...icial Site | New $35[5] TV Deal!>
	at org.junit.Assert.assertEquals(Assert.java:115)
	at org.junit.Assert.assertEquals(Assert.java:144)
	at com.hybridFramework.testcases.LoginTest.loginpageTitleTest(LoginTest.java:42)
	at sun.reflect.NativeMethodAccessorImpl.invoke0(Native Method)
	at sun.reflect.NativeMethodAccessorImpl.invoke(Unknown Source)
	at sun.reflect.DelegatingMethodAccessorImpl.invoke(Unknown Source)
	at java.lang.reflect.Method.invoke(Unknown Source)
	at org.testng.internal.MethodInvocationHelper.invokeMethod(MethodInvocationHelper.java:108)
	at org.testng.internal.Invoker.invokeMethod(Invoker.java:661)
	at org.testng.internal.Invoker.invokeTestMethod(Invoker.java:869)
	at org.testng.internal.Invoker.invokeTestMethods(Invoker.java:1193)
	at org.testng.internal.TestMethodWorker.invokeTestMethods(TestMethodWorker.java:126)
	at org.testng.internal.TestMethodWorker.run(TestMethodWorker.java:109)
	at org.testng.TestRunner.privateRun(TestRunner.java:744)
	at org.testng.TestRunner.run(TestRunner.java:602)
	at org.testng.SuiteRunner.runTest(SuiteRunner.java:380)
	at org.testng.SuiteRunner.runSequentially(SuiteRunner.java:375)
	at org.testng.SuiteRunner.privateRun(SuiteRunner.java:340)
	at org.testng.SuiteRunner.run(SuiteRunner.java:289)
	at org.testng.SuiteRunnerWorker.runSuite(SuiteRunnerWorker.java:52)
	at org.testng.SuiteRunnerWorker.run(SuiteRunnerWorker.java:86)
	at org.testng.TestNG.runSuitesSequentially(TestNG.java:1301)
	at org.testng.TestNG.runSuitesLocally(TestNG.java:1226)
	at org.testng.TestNG.runSuites(TestNG.java:1144)
	at org.testng.TestNG.run(TestNG.java:1115)
	at org.testng.remote.AbstractRemoteTestNG.run(AbstractRemoteTestNG.java:114)
	at org.testng.remote.RemoteTestNG.initAndRun(RemoteTestNG.java:251)
	at org.testng.remote.RemoteTestNG.main(RemoteTestNG.java:77)
]]>
            </full-stacktrace>
          </exception> <!-- org.junit.ComparisonFailure -->
          <reporter-output>
          </reporter-output>
        </test-method> <!-- loginpageTitleTest -->
        <test-method status="PASS" signature="tearDown()[pri:0, instance:com.hybridFramework.testcases.LoginTest@4fe3c938]" name="tearDown" is-config="true" duration-ms="5687" started-at="2018-04-17T12:36:15Z" finished-at="2018-04-17T12:36:20Z">
          <reporter-output>
          </reporter-output>
        </test-method> <!-- tearDown -->
        <test-method status="PASS" signature="setup()[pri:0, instance:com.hybridFramework.testcases.LoginTest@4fe3c938]" name="setup" is-config="true" duration-ms="42618" started-at="2018-04-17T12:37:45Z" finished-at="2018-04-17T12:38:27Z">
          <reporter-output>
          </reporter-output>
        </test-method> <!-- setup -->
        <test-method status="PASS" signature="validateLogoTest()[pri:2, instance:com.hybridFramework.testcases.LoginTest@4fe3c938]" name="validateLogoTest" duration-ms="349" started-at="2018-04-17T12:38:27Z" finished-at="2018-04-17T12:38:28Z">
          <reporter-output>
          </reporter-output>
        </test-method> <!-- validateLogoTest -->
        <test-method status="PASS" signature="tearDown()[pri:0, instance:com.hybridFramework.testcases.LoginTest@4fe3c938]" name="tearDown" is-config="true" duration-ms="2965" started-at="2018-04-17T12:38:28Z" finished-at="2018-04-17T12:38:31Z">
          <reporter-output>
          </reporter-output>
        </test-method> <!-- tearDown -->
        <test-method status="PASS" signature="setup()[pri:0, instance:com.hybridFramework.testcases.LoginTest@4fe3c938]" name="setup" is-config="true" duration-ms="48358" started-at="2018-04-17T12:40:03Z" finished-at="2018-04-17T12:40:51Z">
          <reporter-output>
          </reporter-output>
        </test-method> <!-- setup -->
        <test-method status="PASS" signature="logintest()[pri:3, instance:com.hybridFramework.testcases.LoginTest@4fe3c938]" name="logintest" duration-ms="46173" started-at="2018-04-17T12:40:51Z" finished-at="2018-04-17T12:41:38Z">
          <reporter-output>
          </reporter-output>
        </test-method> <!-- logintest -->
        <test-method status="PASS" signature="tearDown()[pri:0, instance:com.hybridFramework.testcases.LoginTest@4fe3c938]" name="tearDown" is-config="true" duration-ms="1928" started-at="2018-04-17T12:41:38Z" finished-at="2018-04-17T12:41:40Z">
          <reporter-output>
          </reporter-output>
        </test-method> <!-- tearDown -->
      </class> <!-- com.hybridFramework.testcases.LoginTest -->
      <class name="com.hybridFramework.testcases.TvShowTest">
        <test-method status="FAIL" signature="setup()[pri:0, instance:com.hybridFramework.testcases.TvShowTest@2ac273d3]" name="setup" is-config="true" duration-ms="10851" started-at="2018-04-17T12:37:34Z" finished-at="2018-04-17T12:37:45Z">
          <exception class="org.openqa.selenium.WebDriverException">
            <message>
              <![CDATA[unknown error: failed to change window state to maximized, current state is normal
  (Session info: chrome=65.0.3325.181)
  (Driver info: chromedriver=2.37.544315 (730aa6a5fdba159ac9f4c1e8cbc59bf1b5ce12b7),platform=Windows NT 10.0.14393 x86_64) (WARNING: The server did not provide any stacktrace information)
Command duration or timeout: 0 milliseconds
Build info: version: 'unknown', revision: 'unknown', time: 'unknown'
System info: host: 'MUA4HNNWDH', ip: '16.125.153.62', os.name: 'Windows 10', os.arch: 'amd64', os.version: '10.0', java.version: '1.8.0_161'
Driver info: org.openqa.selenium.chrome.ChromeDriver
Capabilities [{mobileEmulationEnabled=false, hasTouchScreen=false, platform=XP, acceptSslCerts=false, acceptInsecureCerts=false, webStorageEnabled=true, browserName=chrome, takesScreenshot=true, javascriptEnabled=true, setWindowRect=true, unexpectedAlertBehaviour=, applicationCacheEnabled=false, rotatable=false, networkConnectionEnabled=false, chrome={chromedriverVersion=2.37.544315 (730aa6a5fdba159ac9f4c1e8cbc59bf1b5ce12b7), userDataDir=C:\Users\sharmava\AppData\Local\Temp\scoped_dir3212_30861}, takesHeapSnapshot=true, pageLoadStrategy=normal, unhandledPromptBehavior=, databaseEnabled=false, handlesAlerts=true, version=65.0.3325.181, browserConnectionEnabled=false, nativeEvents=true, locationContextEnabled=true, cssSelectorsEnabled=true}]
Session ID: c793d1117aacff5fbc25f734b6344f91]]>
            </message>
            <full-stacktrace>
              <![CDATA[org.openqa.selenium.WebDriverException: unknown error: failed to change window state to maximized, current state is normal
  (Session info: chrome=65.0.3325.181)
  (Driver info: chromedriver=2.37.544315 (730aa6a5fdba159ac9f4c1e8cbc59bf1b5ce12b7),platform=Windows NT 10.0.14393 x86_64) (WARNING: The server did not provide any stacktrace information)
Command duration or timeout: 0 milliseconds
Build info: version: 'unknown', revision: 'unknown', time: 'unknown'
System info: host: 'MUA4HNNWDH', ip: '16.125.153.62', os.name: 'Windows 10', os.arch: 'amd64', os.version: '10.0', java.version: '1.8.0_161'
Driver info: org.openqa.selenium.chrome.ChromeDriver
Capabilities [{mobileEmulationEnabled=false, hasTouchScreen=false, platform=XP, acceptSslCerts=false, acceptInsecureCerts=false, webStorageEnabled=true, browserName=chrome, takesScreenshot=true, javascriptEnabled=true, setWindowRect=true, unexpectedAlertBehaviour=, applicationCacheEnabled=false, rotatable=false, networkConnectionEnabled=false, chrome={chromedriverVersion=2.37.544315 (730aa6a5fdba159ac9f4c1e8cbc59bf1b5ce12b7), userDataDir=C:\Users\sharmava\AppData\Local\Temp\scoped_dir3212_30861}, takesHeapSnapshot=true, pageLoadStrategy=normal, unhandledPromptBehavior=, databaseEnabled=false, handlesAlerts=true, version=65.0.3325.181, browserConnectionEnabled=false, nativeEvents=true, locationContextEnabled=true, cssSelectorsEnabled=true}]
Session ID: c793d1117aacff5fbc25f734b6344f91
	at sun.reflect.NativeConstructorAccessorImpl.newInstance0(Native Method)
	at sun.reflect.NativeConstructorAccessorImpl.newInstance(Unknown Source)
	at sun.reflect.DelegatingConstructorAccessorImpl.newInstance(Unknown Source)
	at java.lang.reflect.Constructor.newInstance(Unknown Source)
	at org.openqa.selenium.remote.ErrorHandler.createThrowable(ErrorHandler.java:215)
	at org.openqa.selenium.remote.ErrorHandler.throwIfResponseFailed(ErrorHandler.java:167)
	at org.openqa.selenium.remote.http.JsonHttpResponseCodec.reconstructValue(JsonHttpResponseCodec.java:40)
	at org.openqa.selenium.remote.http.AbstractHttpResponseCodec.decode(AbstractHttpResponseCodec.java:82)
	at org.openqa.selenium.remote.http.AbstractHttpResponseCodec.decode(AbstractHttpResponseCodec.java:45)
	at org.openqa.selenium.remote.HttpCommandExecutor.execute(HttpCommandExecutor.java:164)
	at org.openqa.selenium.remote.service.DriverCommandExecutor.execute(DriverCommandExecutor.java:82)
	at org.openqa.selenium.remote.RemoteWebDriver.execute(RemoteWebDriver.java:641)
	at org.openqa.selenium.remote.RemoteWebDriver.execute(RemoteWebDriver.java:698)
	at org.openqa.selenium.remote.RemoteWebDriver$RemoteWebDriverOptions$RemoteWindow.maximize(RemoteWebDriver.java:929)
	at com.hybridFramework.testBase.TestBase.initializedriver(TestBase.java:54)
	at com.hybridFramework.testcases.TvShowTest.setup(TvShowTest.java:28)
	at sun.reflect.NativeMethodAccessorImpl.invoke0(Native Method)
	at sun.reflect.NativeMethodAccessorImpl.invoke(Unknown Source)
	at sun.reflect.DelegatingMethodAccessorImpl.invoke(Unknown Source)
	at java.lang.reflect.Method.invoke(Unknown Source)
	at org.testng.internal.MethodInvocationHelper.invokeMethod(MethodInvocationHelper.java:108)
	at org.testng.internal.Invoker.invokeConfigurationMethod(Invoker.java:523)
	at org.testng.internal.Invoker.invokeConfigurations(Invoker.java:224)
	at org.testng.internal.Invoker.invokeMethod(Invoker.java:599)
	at org.testng.internal.Invoker.invokeTestMethod(Invoker.java:869)
	at org.testng.internal.Invoker.invokeTestMethods(Invoker.java:1193)
	at org.testng.internal.TestMethodWorker.invokeTestMethods(TestMethodWorker.java:126)
	at org.testng.internal.TestMethodWorker.run(TestMethodWorker.java:109)
	at org.testng.TestRunner.privateRun(TestRunner.java:744)
	at org.testng.TestRunner.run(TestRunner.java:602)
	at org.testng.SuiteRunner.runTest(SuiteRunner.java:380)
	at org.testng.SuiteRunner.runSequentially(SuiteRunner.java:375)
	at org.testng.SuiteRunner.privateRun(SuiteRunner.java:340)
	at org.testng.SuiteRunner.run(SuiteRunner.java:289)
	at org.testng.SuiteRunnerWorker.runSuite(SuiteRunnerWorker.java:52)
	at org.testng.SuiteRunnerWorker.run(SuiteRunnerWorker.java:86)
	at org.testng.TestNG.runSuitesSequentially(TestNG.java:1301)
	at org.testng.TestNG.runSuitesLocally(TestNG.java:1226)
	at org.testng.TestNG.runSuites(TestNG.java:1144)
	at org.testng.TestNG.run(TestNG.java:1115)
	at org.testng.remote.AbstractRemoteTestNG.run(AbstractRemoteTestNG.java:114)
	at org.testng.remote.RemoteTestNG.initAndRun(RemoteTestNG.java:251)
	at org.testng.remote.RemoteTestNG.main(RemoteTestNG.java:77)
]]>
            </full-stacktrace>
          </exception> <!-- org.openqa.selenium.WebDriverException -->
          <reporter-output>
          </reporter-output>
        </test-method> <!-- setup -->
        <test-method status="SKIP" signature="showtvTest()[pri:1, instance:com.hybridFramework.testcases.TvShowTest@2ac273d3]" name="showtvTest" duration-ms="0" started-at="2018-04-17T12:37:45Z" finished-at="2018-04-17T12:37:45Z">
          <exception class="org.openqa.selenium.WebDriverException">
            <message>
              <![CDATA[unknown error: failed to change window state to maximized, current state is normal
  (Session info: chrome=65.0.3325.181)
  (Driver info: chromedriver=2.37.544315 (730aa6a5fdba159ac9f4c1e8cbc59bf1b5ce12b7),platform=Windows NT 10.0.14393 x86_64) (WARNING: The server did not provide any stacktrace information)
Command duration or timeout: 0 milliseconds
Build info: version: 'unknown', revision: 'unknown', time: 'unknown'
System info: host: 'MUA4HNNWDH', ip: '16.125.153.62', os.name: 'Windows 10', os.arch: 'amd64', os.version: '10.0', java.version: '1.8.0_161'
Driver info: org.openqa.selenium.chrome.ChromeDriver
Capabilities [{mobileEmulationEnabled=false, hasTouchScreen=false, platform=XP, acceptSslCerts=false, acceptInsecureCerts=false, webStorageEnabled=true, browserName=chrome, takesScreenshot=true, javascriptEnabled=true, setWindowRect=true, unexpectedAlertBehaviour=, applicationCacheEnabled=false, rotatable=false, networkConnectionEnabled=false, chrome={chromedriverVersion=2.37.544315 (730aa6a5fdba159ac9f4c1e8cbc59bf1b5ce12b7), userDataDir=C:\Users\sharmava\AppData\Local\Temp\scoped_dir3212_30861}, takesHeapSnapshot=true, pageLoadStrategy=normal, unhandledPromptBehavior=, databaseEnabled=false, handlesAlerts=true, version=65.0.3325.181, browserConnectionEnabled=false, nativeEvents=true, locationContextEnabled=true, cssSelectorsEnabled=true}]
Session ID: c793d1117aacff5fbc25f734b6344f91]]>
            </message>
            <full-stacktrace>
              <![CDATA[org.openqa.selenium.WebDriverException: unknown error: failed to change window state to maximized, current state is normal
  (Session info: chrome=65.0.3325.181)
  (Driver info: chromedriver=2.37.544315 (730aa6a5fdba159ac9f4c1e8cbc59bf1b5ce12b7),platform=Windows NT 10.0.14393 x86_64) (WARNING: The server did not provide any stacktrace information)
Command duration or timeout: 0 milliseconds
Build info: version: 'unknown', revision: 'unknown', time: 'unknown'
System info: host: 'MUA4HNNWDH', ip: '16.125.153.62', os.name: 'Windows 10', os.arch: 'amd64', os.version: '10.0', java.version: '1.8.0_161'
Driver info: org.openqa.selenium.chrome.ChromeDriver
Capabilities [{mobileEmulationEnabled=false, hasTouchScreen=false, platform=XP, acceptSslCerts=false, acceptInsecureCerts=false, webStorageEnabled=true, browserName=chrome, takesScreenshot=true, javascriptEnabled=true, setWindowRect=true, unexpectedAlertBehaviour=, applicationCacheEnabled=false, rotatable=false, networkConnectionEnabled=false, chrome={chromedriverVersion=2.37.544315 (730aa6a5fdba159ac9f4c1e8cbc59bf1b5ce12b7), userDataDir=C:\Users\sharmava\AppData\Local\Temp\scoped_dir3212_30861}, takesHeapSnapshot=true, pageLoadStrategy=normal, unhandledPromptBehavior=, databaseEnabled=false, handlesAlerts=true, version=65.0.3325.181, browserConnectionEnabled=false, nativeEvents=true, locationContextEnabled=true, cssSelectorsEnabled=true}]
Session ID: c793d1117aacff5fbc25f734b6344f91
	at sun.reflect.NativeConstructorAccessorImpl.newInstance0(Native Method)
	at sun.reflect.NativeConstructorAccessorImpl.newInstance(Unknown Source)
	at sun.reflect.DelegatingConstructorAccessorImpl.newInstance(Unknown Source)
	at java.lang.reflect.Constructor.newInstance(Unknown Source)
	at org.openqa.selenium.remote.ErrorHandler.createThrowable(ErrorHandler.java:215)
	at org.openqa.selenium.remote.ErrorHandler.throwIfResponseFailed(ErrorHandler.java:167)
	at org.openqa.selenium.remote.http.JsonHttpResponseCodec.reconstructValue(JsonHttpResponseCodec.java:40)
	at org.openqa.selenium.remote.http.AbstractHttpResponseCodec.decode(AbstractHttpResponseCodec.java:82)
	at org.openqa.selenium.remote.http.AbstractHttpResponseCodec.decode(AbstractHttpResponseCodec.java:45)
	at org.openqa.selenium.remote.HttpCommandExecutor.execute(HttpCommandExecutor.java:164)
	at org.openqa.selenium.remote.service.DriverCommandExecutor.execute(DriverCommandExecutor.java:82)
	at org.openqa.selenium.remote.RemoteWebDriver.execute(RemoteWebDriver.java:641)
	at org.openqa.selenium.remote.RemoteWebDriver.execute(RemoteWebDriver.java:698)
	at org.openqa.selenium.remote.RemoteWebDriver$RemoteWebDriverOptions$RemoteWindow.maximize(RemoteWebDriver.java:929)
	at com.hybridFramework.testBase.TestBase.initializedriver(TestBase.java:54)
	at com.hybridFramework.testcases.TvShowTest.setup(TvShowTest.java:28)
	at sun.reflect.NativeMethodAccessorImpl.invoke0(Native Method)
	at sun.reflect.NativeMethodAccessorImpl.invoke(Unknown Source)
	at sun.reflect.DelegatingMethodAccessorImpl.invoke(Unknown Source)
	at java.lang.reflect.Method.invoke(Unknown Source)
	at org.testng.internal.MethodInvocationHelper.invokeMethod(MethodInvocationHelper.java:108)
	at org.testng.internal.Invoker.invokeConfigurationMethod(Invoker.java:523)
	at org.testng.internal.Invoker.invokeConfigurations(Invoker.java:224)
	at org.testng.internal.Invoker.invokeMethod(Invoker.java:599)
	at org.testng.internal.Invoker.invokeTestMethod(Invoker.java:869)
	at org.testng.internal.Invoker.invokeTestMethods(Invoker.java:1193)
	at org.testng.internal.TestMethodWorker.invokeTestMethods(TestMethodWorker.java:126)
	at org.testng.internal.TestMethodWorker.run(TestMethodWorker.java:109)
	at org.testng.TestRunner.privateRun(TestRunner.java:744)
	at org.testng.TestRunner.run(TestRunner.java:602)
	at org.testng.SuiteRunner.runTest(SuiteRunner.java:380)
	at org.testng.SuiteRunner.runSequentially(SuiteRunner.java:375)
	at org.testng.SuiteRunner.privateRun(SuiteRunner.java:340)
	at org.testng.SuiteRunner.run(SuiteRunner.java:289)
	at org.testng.SuiteRunnerWorker.runSuite(SuiteRunnerWorker.java:52)
	at org.testng.SuiteRunnerWorker.run(SuiteRunnerWorker.java:86)
	at org.testng.TestNG.runSuitesSequentially(TestNG.java:1301)
	at org.testng.TestNG.runSuitesLocally(TestNG.java:1226)
	at org.testng.TestNG.runSuites(TestNG.java:1144)
	at org.testng.TestNG.run(TestNG.java:1115)
	at org.testng.remote.AbstractRemoteTestNG.run(AbstractRemoteTestNG.java:114)
	at org.testng.remote.RemoteTestNG.initAndRun(RemoteTestNG.java:251)
	at org.testng.remote.RemoteTestNG.main(RemoteTestNG.java:77)
]]>
            </full-stacktrace>
          </exception> <!-- org.openqa.selenium.WebDriverException -->
          <reporter-output>
          </reporter-output>
        </test-method> <!-- showtvTest -->
        <test-method status="SKIP" signature="setup()[pri:0, instance:com.hybridFramework.testcases.TvShowTest@2ac273d3]" name="setup" is-config="true" duration-ms="0" started-at="2018-04-17T12:40:03Z" finished-at="2018-04-17T12:40:03Z">
          <reporter-output>
          </reporter-output>
        </test-method> <!-- setup -->
        <test-method status="SKIP" signature="verifyTitleTest()[pri:2, instance:com.hybridFramework.testcases.TvShowTest@2ac273d3]" name="verifyTitleTest" duration-ms="0" started-at="2018-04-17T12:40:03Z" finished-at="2018-04-17T12:40:03Z">
          <exception class="org.openqa.selenium.WebDriverException">
            <message>
              <![CDATA[unknown error: failed to change window state to maximized, current state is normal
  (Session info: chrome=65.0.3325.181)
  (Driver info: chromedriver=2.37.544315 (730aa6a5fdba159ac9f4c1e8cbc59bf1b5ce12b7),platform=Windows NT 10.0.14393 x86_64) (WARNING: The server did not provide any stacktrace information)
Command duration or timeout: 0 milliseconds
Build info: version: 'unknown', revision: 'unknown', time: 'unknown'
System info: host: 'MUA4HNNWDH', ip: '16.125.153.62', os.name: 'Windows 10', os.arch: 'amd64', os.version: '10.0', java.version: '1.8.0_161'
Driver info: org.openqa.selenium.chrome.ChromeDriver
Capabilities [{mobileEmulationEnabled=false, hasTouchScreen=false, platform=XP, acceptSslCerts=false, acceptInsecureCerts=false, webStorageEnabled=true, browserName=chrome, takesScreenshot=true, javascriptEnabled=true, setWindowRect=true, unexpectedAlertBehaviour=, applicationCacheEnabled=false, rotatable=false, networkConnectionEnabled=false, chrome={chromedriverVersion=2.37.544315 (730aa6a5fdba159ac9f4c1e8cbc59bf1b5ce12b7), userDataDir=C:\Users\sharmava\AppData\Local\Temp\scoped_dir3212_30861}, takesHeapSnapshot=true, pageLoadStrategy=normal, unhandledPromptBehavior=, databaseEnabled=false, handlesAlerts=true, version=65.0.3325.181, browserConnectionEnabled=false, nativeEvents=true, locationContextEnabled=true, cssSelectorsEnabled=true}]
Session ID: c793d1117aacff5fbc25f734b6344f91]]>
            </message>
            <full-stacktrace>
              <![CDATA[org.openqa.selenium.WebDriverException: unknown error: failed to change window state to maximized, current state is normal
  (Session info: chrome=65.0.3325.181)
  (Driver info: chromedriver=2.37.544315 (730aa6a5fdba159ac9f4c1e8cbc59bf1b5ce12b7),platform=Windows NT 10.0.14393 x86_64) (WARNING: The server did not provide any stacktrace information)
Command duration or timeout: 0 milliseconds
Build info: version: 'unknown', revision: 'unknown', time: 'unknown'
System info: host: 'MUA4HNNWDH', ip: '16.125.153.62', os.name: 'Windows 10', os.arch: 'amd64', os.version: '10.0', java.version: '1.8.0_161'
Driver info: org.openqa.selenium.chrome.ChromeDriver
Capabilities [{mobileEmulationEnabled=false, hasTouchScreen=false, platform=XP, acceptSslCerts=false, acceptInsecureCerts=false, webStorageEnabled=true, browserName=chrome, takesScreenshot=true, javascriptEnabled=true, setWindowRect=true, unexpectedAlertBehaviour=, applicationCacheEnabled=false, rotatable=false, networkConnectionEnabled=false, chrome={chromedriverVersion=2.37.544315 (730aa6a5fdba159ac9f4c1e8cbc59bf1b5ce12b7), userDataDir=C:\Users\sharmava\AppData\Local\Temp\scoped_dir3212_30861}, takesHeapSnapshot=true, pageLoadStrategy=normal, unhandledPromptBehavior=, databaseEnabled=false, handlesAlerts=true, version=65.0.3325.181, browserConnectionEnabled=false, nativeEvents=true, locationContextEnabled=true, cssSelectorsEnabled=true}]
Session ID: c793d1117aacff5fbc25f734b6344f91
	at sun.reflect.NativeConstructorAccessorImpl.newInstance0(Native Method)
	at sun.reflect.NativeConstructorAccessorImpl.newInstance(Unknown Source)
	at sun.reflect.DelegatingConstructorAccessorImpl.newInstance(Unknown Source)
	at java.lang.reflect.Constructor.newInstance(Unknown Source)
	at org.openqa.selenium.remote.ErrorHandler.createThrowable(ErrorHandler.java:215)
	at org.openqa.selenium.remote.ErrorHandler.throwIfResponseFailed(ErrorHandler.java:167)
	at org.openqa.selenium.remote.http.JsonHttpResponseCodec.reconstructValue(JsonHttpResponseCodec.java:40)
	at org.openqa.selenium.remote.http.AbstractHttpResponseCodec.decode(AbstractHttpResponseCodec.java:82)
	at org.openqa.selenium.remote.http.AbstractHttpResponseCodec.decode(AbstractHttpResponseCodec.java:45)
	at org.openqa.selenium.remote.HttpCommandExecutor.execute(HttpCommandExecutor.java:164)
	at org.openqa.selenium.remote.service.DriverCommandExecutor.execute(DriverCommandExecutor.java:82)
	at org.openqa.selenium.remote.RemoteWebDriver.execute(RemoteWebDriver.java:641)
	at org.openqa.selenium.remote.RemoteWebDriver.execute(RemoteWebDriver.java:698)
	at org.openqa.selenium.remote.RemoteWebDriver$RemoteWebDriverOptions$RemoteWindow.maximize(RemoteWebDriver.java:929)
	at com.hybridFramework.testBase.TestBase.initializedriver(TestBase.java:54)
	at com.hybridFramework.testcases.TvShowTest.setup(TvShowTest.java:28)
	at sun.reflect.NativeMethodAccessorImpl.invoke0(Native Method)
	at sun.reflect.NativeMethodAccessorImpl.invoke(Unknown Source)
	at sun.reflect.DelegatingMethodAccessorImpl.invoke(Unknown Source)
	at java.lang.reflect.Method.invoke(Unknown Source)
	at org.testng.internal.MethodInvocationHelper.invokeMethod(MethodInvocationHelper.java:108)
	at org.testng.internal.Invoker.invokeConfigurationMethod(Invoker.java:523)
	at org.testng.internal.Invoker.invokeConfigurations(Invoker.java:224)
	at org.testng.internal.Invoker.invokeMethod(Invoker.java:599)
	at org.testng.internal.Invoker.invokeTestMethod(Invoker.java:869)
	at org.testng.internal.Invoker.invokeTestMethods(Invoker.java:1193)
	at org.testng.internal.TestMethodWorker.invokeTestMethods(TestMethodWorker.java:126)
	at org.testng.internal.TestMethodWorker.run(TestMethodWorker.java:109)
	at org.testng.TestRunner.privateRun(TestRunner.java:744)
	at org.testng.TestRunner.run(TestRunner.java:602)
	at org.testng.SuiteRunner.runTest(SuiteRunner.java:380)
	at org.testng.SuiteRunner.runSequentially(SuiteRunner.java:375)
	at org.testng.SuiteRunner.privateRun(SuiteRunner.java:340)
	at org.testng.SuiteRunner.run(SuiteRunner.java:289)
	at org.testng.SuiteRunnerWorker.runSuite(SuiteRunnerWorker.java:52)
	at org.testng.SuiteRunnerWorker.run(SuiteRunnerWorker.java:86)
	at org.testng.TestNG.runSuitesSequentially(TestNG.java:1301)
	at org.testng.TestNG.runSuitesLocally(TestNG.java:1226)
	at org.testng.TestNG.runSuites(TestNG.java:1144)
	at org.testng.TestNG.run(TestNG.java:1115)
	at org.testng.remote.AbstractRemoteTestNG.run(AbstractRemoteTestNG.java:114)
	at org.testng.remote.RemoteTestNG.initAndRun(RemoteTestNG.java:251)
	at org.testng.remote.RemoteTestNG.main(RemoteTestNG.java:77)
]]>
            </full-stacktrace>
          </exception> <!-- org.openqa.selenium.WebDriverException -->
          <reporter-output>
          </reporter-output>
        </test-method> <!-- verifyTitleTest -->
      </class> <!-- com.hybridFramework.testcases.TvShowTest -->
      <class name="com.hybridFramework.testcases.Kidstest">
        <test-method status="PASS" signature="setup()[pri:0, instance:com.hybridFramework.testcases.Kidstest@20398b7c]" name="setup" is-config="true" duration-ms="108708" started-at="2018-04-17T12:31:07Z" finished-at="2018-04-17T12:32:55Z">
          <reporter-output>
          </reporter-output>
        </test-method> <!-- setup -->
        <test-method status="PASS" signature="verifyKidsTitle()[pri:0, instance:com.hybridFramework.testcases.Kidstest@20398b7c]" name="verifyKidsTitle" duration-ms="409" started-at="2018-04-17T12:32:55Z" finished-at="2018-04-17T12:32:56Z">
          <reporter-output>
          </reporter-output>
        </test-method> <!-- verifyKidsTitle -->
        <test-method status="PASS" signature="teardown()[pri:0, instance:com.hybridFramework.testcases.Kidstest@20398b7c]" name="teardown" is-config="true" duration-ms="2276" started-at="2018-04-17T12:32:56Z" finished-at="2018-04-17T12:32:58Z">
          <reporter-output>
          </reporter-output>
        </test-method> <!-- teardown -->
        <test-method status="PASS" signature="setup()[pri:0, instance:com.hybridFramework.testcases.Kidstest@20398b7c]" name="setup" is-config="true" duration-ms="127410" started-at="2018-04-17T12:32:58Z" finished-at="2018-04-17T12:35:05Z">
          <reporter-output>
          </reporter-output>
        </test-method> <!-- setup -->
        <test-method status="PASS" signature="verifytitle()[pri:0, instance:com.hybridFramework.testcases.Kidstest@20398b7c]" name="verifytitle" duration-ms="794" started-at="2018-04-17T12:35:05Z" finished-at="2018-04-17T12:35:06Z">
          <reporter-output>
          </reporter-output>
        </test-method> <!-- verifytitle -->
        <test-method status="PASS" signature="teardown()[pri:0, instance:com.hybridFramework.testcases.Kidstest@20398b7c]" name="teardown" is-config="true" duration-ms="17245" started-at="2018-04-17T12:35:06Z" finished-at="2018-04-17T12:35:24Z">
          <reporter-output>
          </reporter-output>
        </test-method> <!-- teardown -->
      </class> <!-- com.hybridFramework.testcases.Kidstest -->
      <class name="com.hybridFramework.testcases.SportsTest">
        <test-method status="PASS" signature="setup()[pri:0, instance:com.hybridFramework.testcases.SportsTest@71423665]" name="setup" is-config="true" duration-ms="163480" started-at="2018-04-17T12:25:55Z" finished-at="2018-04-17T12:28:39Z">
          <reporter-output>
          </reporter-output>
        </test-method> <!-- setup -->
        <test-method status="PASS" signature="verifytitle1()[pri:0, instance:com.hybridFramework.testcases.SportsTest@71423665]" name="verifytitle1" duration-ms="184" started-at="2018-04-17T12:28:39Z" finished-at="2018-04-17T12:28:39Z">
          <reporter-output>
          </reporter-output>
        </test-method> <!-- verifytitle1 -->
        <test-method status="PASS" signature="teardown()[pri:0, instance:com.hybridFramework.testcases.SportsTest@71423665]" name="teardown" is-config="true" duration-ms="4762" started-at="2018-04-17T12:28:39Z" finished-at="2018-04-17T12:28:44Z">
          <reporter-output>
          </reporter-output>
        </test-method> <!-- teardown -->
        <test-method status="PASS" signature="setup()[pri:0, instance:com.hybridFramework.testcases.SportsTest@71423665]" name="setup" is-config="true" duration-ms="117781" started-at="2018-04-17T12:28:44Z" finished-at="2018-04-17T12:30:41Z">
          <reporter-output>
          </reporter-output>
        </test-method> <!-- setup -->
        <test-method status="PASS" signature="verifytitletext()[pri:0, instance:com.hybridFramework.testcases.SportsTest@71423665]" name="verifytitletext" duration-ms="1860" started-at="2018-04-17T12:30:41Z" finished-at="2018-04-17T12:30:43Z">
          <reporter-output>
          </reporter-output>
        </test-method> <!-- verifytitletext -->
        <test-method status="PASS" signature="teardown()[pri:0, instance:com.hybridFramework.testcases.SportsTest@71423665]" name="teardown" is-config="true" duration-ms="23454" started-at="2018-04-17T12:30:43Z" finished-at="2018-04-17T12:31:07Z">
          <reporter-output>
          </reporter-output>
        </test-method> <!-- teardown -->
      </class> <!-- com.hybridFramework.testcases.SportsTest -->
    </test> <!-- DTV Page Test Cases -->
  </suite> <!-- DTV Test Automation Test Suit -->
</testng-results>
