<?xml version="1.0" encoding="UTF-8"?>
<!-- Generated by org.testng.reporters.JUnitXMLReporter -->
<testsuite hostname="MUA4HNNWDH" ignored="0" name="DTV Page Test Cases" tests="13" failures="1" timestamp="17 Apr 2018 18:44:35 GMT" time="1120.155" errors="0">
  <testcase name="@BeforeMethod setup" time="10.851" classname="com.hybridFramework.testcases.TvShowTest">
    <failure type="org.openqa.selenium.WebDriverException" message="unknown error: failed to change window state to maximized, current state is normal
  (Session info: chrome=65.0.3325.181)
  (Driver info: chromedriver=2.37.544315 (730aa6a5fdba159ac9f4c1e8cbc59bf1b5ce12b7),platform=Windows NT 10.0.14393 x86_64) (WARNING: The server did not provide any stacktrace information)
Command duration or timeout: 0 milliseconds
Build info: version: &amp;apos;unknown&amp;apos;, revision: &amp;apos;unknown&amp;apos;, time: &amp;apos;unknown&amp;apos;
System info: host: &amp;apos;MUA4HNNWDH&amp;apos;, ip: &amp;apos;16.125.153.62&amp;apos;, os.name: &amp;apos;Windows 10&amp;apos;, os.arch: &amp;apos;amd64&amp;apos;, os.version: &amp;apos;10.0&amp;apos;, java.version: &amp;apos;1.8.0_161&amp;apos;
Driver info: org.openqa.selenium.chrome.ChromeDriver
Capabilities [{mobileEmulationEnabled=false, hasTouchScreen=false, platform=XP, acceptSslCerts=false, acceptInsecureCerts=false, webStorageEnabled=true, browserName=chrome, takesScreenshot=true, javascriptEnabled=true, setWindowRect=true, unexpectedAlertBehaviour=, applicationCacheEnabled=false, rotatable=false, networkConnectionEnabled=false, chrome={chromedriverVersion=2.37.544315 (730aa6a5fdba159ac9f4c1e8cbc59bf1b5ce12b7), userDataDir=C:\Users\sharmava\AppData\Local\Temp\scoped_dir3212_30861}, takesHeapSnapshot=true, pageLoadStrategy=normal, unhandledPromptBehavior=, databaseEnabled=false, handlesAlerts=true, version=65.0.3325.181, browserConnectionEnabled=false, nativeEvents=true, locationContextEnabled=true, cssSelectorsEnabled=true}]
Session ID: c793d1117aacff5fbc25f734b6344f91">
      <![CDATA[org.openqa.selenium.WebDriverException: unknown error: failed to change window state to maximized, current state is normal
  (Session info: chrome=65.0.3325.181)
  (Driver info: chromedriver=2.37.544315 (730aa6a5fdba159ac9f4c1e8cbc59bf1b5ce12b7),platform=Windows NT 10.0.14393 x86_64) (WARNING: The server did not provide any stacktrace information)
Command duration or timeout: 0 milliseconds
Build info: version: 'unknown', revision: 'unknown', time: 'unknown'
System info: host: 'MUA4HNNWDH', ip: '16.125.153.62', os.name: 'Windows 10', os.arch: 'amd64', os.version: '10.0', java.version: '1.8.0_161'
Driver info: org.openqa.selenium.chrome.ChromeDriver
Capabilities [{mobileEmulationEnabled=false, hasTouchScreen=false, platform=XP, acceptSslCerts=false, acceptInsecureCerts=false, webStorageEnabled=true, browserName=chrome, takesScreenshot=true, javascriptEnabled=true, setWindowRect=true, unexpectedAlertBehaviour=, applicationCacheEnabled=false, rotatable=false, networkConnectionEnabled=false, chrome={chromedriverVersion=2.37.544315 (730aa6a5fdba159ac9f4c1e8cbc59bf1b5ce12b7), userDataDir=C:\Users\sharmava\AppData\Local\Temp\scoped_dir3212_30861}, takesHeapSnapshot=true, pageLoadStrategy=normal, unhandledPromptBehavior=, databaseEnabled=false, handlesAlerts=true, version=65.0.3325.181, browserConnectionEnabled=false, nativeEvents=true, locationContextEnabled=true, cssSelectorsEnabled=true}]
Session ID: c793d1117aacff5fbc25f734b6344f91
	at org.openqa.selenium.remote.ErrorHandler.createThrowable(ErrorHandler.java:215)
	at org.openqa.selenium.remote.ErrorHandler.throwIfResponseFailed(ErrorHandler.java:167)
	at org.openqa.selenium.remote.http.JsonHttpResponseCodec.reconstructValue(JsonHttpResponseCodec.java:40)
	at org.openqa.selenium.remote.http.AbstractHttpResponseCodec.decode(AbstractHttpResponseCodec.java:82)
	at org.openqa.selenium.remote.http.AbstractHttpResponseCodec.decode(AbstractHttpResponseCodec.java:45)
	at org.openqa.selenium.remote.HttpCommandExecutor.execute(HttpCommandExecutor.java:164)
	at org.openqa.selenium.remote.service.DriverCommandExecutor.execute(DriverCommandExecutor.java:82)
	at org.openqa.selenium.remote.RemoteWebDriver.execute(RemoteWebDriver.java:641)
	at org.openqa.selenium.remote.RemoteWebDriver.execute(RemoteWebDriver.java:698)
	at org.openqa.selenium.remote.RemoteWebDriver$RemoteWebDriverOptions$RemoteWindow.maximize(RemoteWebDriver.java:929)
	at com.hybridFramework.testBase.TestBase.initializedriver(TestBase.java:54)
	at com.hybridFramework.testcases.TvShowTest.setup(TvShowTest.java:28)
... Removed 31 stack frames]]>
    </failure>
  </testcase> <!-- @BeforeMethod setup -->
  <testcase name="@BeforeMethod setup" time="0.0" classname="com.hybridFramework.testcases.TvShowTest">
    <skipped/>
  </testcase> <!-- @BeforeMethod setup -->
  <testcase name="verifytitle1" time="0.184" classname="com.hybridFramework.testcases.SportsTest"/>
  <testcase name="verifytitletext" time="1.86" classname="com.hybridFramework.testcases.SportsTest"/>
  <testcase name="verifyKidsTitle" time="0.409" classname="com.hybridFramework.testcases.Kidstest"/>
  <testcase name="verifytitle" time="0.794" classname="com.hybridFramework.testcases.Kidstest"/>
  <testcase name="loginpageTitleTest" time="0.064" classname="com.hybridFramework.testcases.LoginTest">
    <failure type="org.junit.ComparisonFailure" message="expected:&amp;lt;...icial Site | New $35[] TV Deal!&amp;gt; but was:&amp;lt;...icial Site | New $35[5] TV Deal!&amp;gt;">
      <![CDATA[org.junit.ComparisonFailure: expected:<...icial Site | New $35[] TV Deal!> but was:<...icial Site | New $35[5] TV Deal!>
	at org.junit.Assert.assertEquals(Assert.java:115)
	at org.junit.Assert.assertEquals(Assert.java:144)
	at com.hybridFramework.testcases.LoginTest.loginpageTitleTest(LoginTest.java:42)
... Removed 25 stack frames]]>
    </failure>
  </testcase> <!-- loginpageTitleTest -->
  <testcase name="verifywtachlinkTitleTest" time="0.068" classname="com.hybridFramework.testcases.mhovermovieTest"/>
  <testcase name="showtvTest" time="0.0" classname="com.hybridFramework.testcases.TvShowTest">
    <skipped/>
  </testcase> <!-- showtvTest -->
  <testcase name="validateLogoTest" time="0.349" classname="com.hybridFramework.testcases.LoginTest"/>
  <testcase name="tvshowsTest" time="22.322" classname="com.hybridFramework.testcases.mhovermovieTest"/>
  <testcase name="verifyTitleTest" time="0.0" classname="com.hybridFramework.testcases.TvShowTest">
    <skipped/>
  </testcase> <!-- verifyTitleTest -->
  <testcase name="logintest" time="46.173" classname="com.hybridFramework.testcases.LoginTest"/>
  <testcase name="sportsTest" time="13.032" classname="com.hybridFramework.testcases.mhovermovieTest"/>
  <testcase name="forkidsTest" time="17.429" classname="com.hybridFramework.testcases.mhovermovieTest"/>
</testsuite> <!-- DTV Page Test Cases -->
